<?xml version="1.0" encoding="UTF-8"?>
<!-- Generated by org.testng.reporters.JUnitReportReporter -->
<testsuite skipped="0" hostname="DoubleXInorideMacBook-Air.local" name="NewTest" tests="2" failures="0" timestamp="20 五月 2017 08:31:32 GMT" time="0.170" errors="0">
  <testcase name="b" time="0.158" classname="NewTest"/>
  <testcase name="c" time="0.012" classname="NewTest"/>
</testsuite> <!-- NewTest -->
